<?xml version="1.0" encoding="UTF-8"?>
<!-- Generated by org.testng.reporters.JUnitReportReporter -->
<testsuite skipped="0" hostname="Juans-MBP.fios-router.home" name="com.cybertek.tests.day19_page_object_model.LibraryLoginPOMTest" tests="2" failures="0" timestamp="2021-12-18T11:33:02 EST" time="6.933" errors="0">
  <testcase name="positiveLoginPage" time="4.082" classname="com.cybertek.tests.day19_page_object_model.LibraryLoginPOMTest"/>
  <system-out/>
  <testcase name="invalidCredentialsTest" time="2.851" classname="com.cybertek.tests.day19_page_object_model.LibraryLoginPOMTest"/>
  <system-out/>
</testsuite> <!-- com.cybertek.tests.day19_page_object_model.LibraryLoginPOMTest -->
