<?xml version="1.0" encoding="UTF-8"?>
<!-- Generated by org.testng.reporters.JUnitReportReporter -->
<testsuite skipped="0" hostname="Juans-MBP.fios-router.home" name="com.cybertek.tests.day20_review_wait.IframeActionsTest" tests="1" failures="0" timestamp="2021-12-18T11:33:02 EST" time="8.605" errors="0">
  <testcase name="test" time="8.605" classname="com.cybertek.tests.day20_review_wait.IframeActionsTest"/>
  <system-out/>
</testsuite> <!-- com.cybertek.tests.day20_review_wait.IframeActionsTest -->
