<?xml version="1.0" encoding="UTF-8"?>
<!-- Generated by org.testng.reporters.JUnitReportReporter -->
<testsuite skipped="0" hostname="Juans-MBP.fios-router.home" name="com.cybertek.tests.day09_testing_dropdowns.TestNGIntro" tests="2" failures="0" timestamp="2021-12-18T11:33:02 EST" time="0.001" errors="0">
  <testcase name="test1" time="0.000" classname="com.cybertek.tests.day09_testing_dropdowns.TestNGIntro"/>
  <system-out/>
  <testcase name="myTest2" time="0.001" classname="com.cybertek.tests.day09_testing_dropdowns.TestNGIntro"/>
  <system-out/>
</testsuite> <!-- com.cybertek.tests.day09_testing_dropdowns.TestNGIntro -->
