<?xml version="1.0" encoding="UTF-8"?>
<!-- Generated by org.testng.reporters.JUnitReportReporter -->
<testsuite skipped="0" hostname="Juans-MBP.fios-router.home" name="com.cybertek.tests.day10_dropdown_alerts_iframes_windows.CarGurusUsedCarSearchTest" tests="1" failures="0" timestamp="2021-12-18T11:33:02 EST" time="15.625" errors="0">
  <testcase name="searchForMinivanTest" time="15.625" classname="com.cybertek.tests.day10_dropdown_alerts_iframes_windows.CarGurusUsedCarSearchTest"/>
  <system-out/>
</testsuite> <!-- com.cybertek.tests.day10_dropdown_alerts_iframes_windows.CarGurusUsedCarSearchTest -->
