<?xml version="1.0" encoding="UTF-8"?>
<!-- Generated by org.testng.reporters.JUnitReportReporter -->
<testsuite skipped="0" hostname="Juans-MBP.fios-router.home" name="com.cybertek.tests.day12_windows_practice_faker.DemoQAMultipleWindowTest" tests="1" failures="0" timestamp="2021-12-18T11:33:02 EST" time="4.477" errors="0">
  <testcase name="newWindowTest" time="4.477" classname="com.cybertek.tests.day12_windows_practice_faker.DemoQAMultipleWindowTest"/>
  <system-out/>
</testsuite> <!-- com.cybertek.tests.day12_windows_practice_faker.DemoQAMultipleWindowTest -->
