<?xml version="1.0" encoding="UTF-8"?>
<!-- Generated by org.testng.reporters.JUnitReportReporter -->
<testsuite skipped="0" hostname="Juans-MBP.fios-router.home" name="com.cybertek.tests.day17_upload_js_executer.Guru99UploadTest" tests="1" failures="0" timestamp="2021-12-18T11:33:02 EST" time="7.198" errors="0">
  <testcase name="guruUpLoadTest" time="7.198" classname="com.cybertek.tests.day17_upload_js_executer.Guru99UploadTest"/>
  <system-out/>
</testsuite> <!-- com.cybertek.tests.day17_upload_js_executer.Guru99UploadTest -->
