<?xml version="1.0" encoding="UTF-8"?>
<!-- Generated by org.testng.reporters.JUnitReportReporter -->
<testsuite skipped="0" hostname="Juans-MBP.fios-router.home" name="com.cybertek.tests.day18_actions_pom_intro.EtsySubscribeTest" tests="1" failures="0" timestamp="2021-12-18T11:33:02 EST" time="14.778" errors="0">
  <testcase name="EtsySubTest" time="14.778" classname="com.cybertek.tests.day18_actions_pom_intro.EtsySubscribeTest"/>
  <system-out/>
</testsuite> <!-- com.cybertek.tests.day18_actions_pom_intro.EtsySubscribeTest -->
