<?xml version="1.0" encoding="UTF-8"?>
<!-- Generated by org.testng.reporters.JUnitReportReporter -->
<testsuite skipped="0" hostname="Juans-MBP.fios-router.home" name="com.cybertek.tests.day11_alerts_iframe_windows.MultipleWindowsExampleTest" tests="2" failures="0" timestamp="2021-12-18T11:33:02 EST" time="16.613" errors="0">
  <testcase name="demoQAMultipleWindows" time="7.522" classname="com.cybertek.tests.day11_alerts_iframe_windows.MultipleWindowsExampleTest"/>
  <system-out/>
  <testcase name="windowsTest" time="9.091" classname="com.cybertek.tests.day11_alerts_iframe_windows.MultipleWindowsExampleTest"/>
  <system-out/>
</testsuite> <!-- com.cybertek.tests.day11_alerts_iframe_windows.MultipleWindowsExampleTest -->
