<?xml version="1.0" encoding="UTF-8"?>
<!-- Generated by org.testng.reporters.JUnitReportReporter -->
<testsuite skipped="0" hostname="Juans-MBP.fios-router.home" name="com.cybertek.tests.day16_download_upload_js_executor.FileDownLoadTest" tests="1" failures="0" timestamp="2021-12-18T11:33:02 EST" time="8.416" errors="0">
  <testcase name="fileDownLoadTest" time="8.416" classname="com.cybertek.tests.day16_download_upload_js_executor.FileDownLoadTest"/>
  <system-out/>
</testsuite> <!-- com.cybertek.tests.day16_download_upload_js_executor.FileDownLoadTest -->
