<?xml version="1.0" encoding="UTF-8"?>
<!-- Generated by org.testng.reporters.JUnitReportReporter -->
<testsuite skipped="0" hostname="Juans-MBP.fios-router.home" name="com.cybertek.tests.day14_webtables_properties.WebTableDemoTest" tests="4" failures="0" timestamp="2021-12-18T11:33:02 EST" time="11.028" errors="0">
  <testcase name="readNextCell" time="2.503" classname="com.cybertek.tests.day14_webtables_properties.WebTableDemoTest"/>
  <system-out/>
  <testcase name="printAllTableData" time="3.032" classname="com.cybertek.tests.day14_webtables_properties.WebTableDemoTest"/>
  <system-out/>
  <testcase name="getAllColumnData" time="2.558" classname="com.cybertek.tests.day14_webtables_properties.WebTableDemoTest"/>
  <system-out/>
  <testcase name="readFromTableTest" time="2.935" classname="com.cybertek.tests.day14_webtables_properties.WebTableDemoTest"/>
  <system-out/>
</testsuite> <!-- com.cybertek.tests.day14_webtables_properties.WebTableDemoTest -->
