<?xml version="1.0" encoding="UTF-8"?>
<!-- Generated by org.testng.reporters.JUnitReportReporter -->
<testsuite skipped="0" hostname="Juans-MBP.fios-router.home" name="com.cybertek.tests.day15_properites_driverutil_testbase.PropertiesFileTest" tests="2" failures="0" timestamp="2021-12-18T11:33:02 EST" time="0.004" errors="0">
  <testcase name="configurationReaderUnitTest" time="0.000" classname="com.cybertek.tests.day15_properites_driverutil_testbase.PropertiesFileTest"/>
  <system-out/>
  <testcase name="readValuesFromPropertiesFile" time="0.004" classname="com.cybertek.tests.day15_properites_driverutil_testbase.PropertiesFileTest"/>
  <system-out/>
</testsuite> <!-- com.cybertek.tests.day15_properites_driverutil_testbase.PropertiesFileTest -->
