<?xml version="1.0" encoding="UTF-8"?>
<!-- Generated by org.testng.reporters.JUnitReportReporter -->
<testsuite skipped="0" hostname="Juans-MBP.fios-router.home" name="com.cybertek.tests.day17_upload_js_executer.JavaScriptExecutorTest" tests="2" failures="0" timestamp="2021-12-18T11:33:02 EST" time="27.443" errors="0">
  <testcase name="alertExampleTest" time="4.680" classname="com.cybertek.tests.day17_upload_js_executer.JavaScriptExecutorTest"/>
  <system-out/>
  <testcase name="scrollTest" time="22.763" classname="com.cybertek.tests.day17_upload_js_executer.JavaScriptExecutorTest"/>
  <system-out/>
</testsuite> <!-- com.cybertek.tests.day17_upload_js_executer.JavaScriptExecutorTest -->
