<?xml version="1.0" encoding="UTF-8"?>
<!-- Generated by org.testng.reporters.JUnitReportReporter -->
<testsuite skipped="0" hostname="Juans-MBP.fios-router.home" name="com.cybertek.tests.day18_actions_pom_intro.ActionsDragAndDropTest" tests="1" failures="0" timestamp="2021-12-18T11:33:02 EST" time="3.745" errors="0">
  <testcase name="dragAndDropTest" time="3.745" classname="com.cybertek.tests.day18_actions_pom_intro.ActionsDragAndDropTest"/>
  <system-out/>
</testsuite> <!-- com.cybertek.tests.day18_actions_pom_intro.ActionsDragAndDropTest -->
