<?xml version="1.0" encoding="UTF-8"?>
<!-- Generated by org.testng.reporters.JUnitReportReporter -->
<testsuite skipped="0" hostname="Juans-MBP.fios-router.home" name="com.cybertek.tests.day11_alerts_iframe_windows.IFramesExampleTest" tests="1" failures="0" timestamp="2021-12-18T11:33:02 EST" time="2.096" errors="0">
  <testcase name="multipleFramesTest" time="2.096" classname="com.cybertek.tests.day11_alerts_iframe_windows.IFramesExampleTest"/>
  <system-out/>
</testsuite> <!-- com.cybertek.tests.day11_alerts_iframe_windows.IFramesExampleTest -->
