<?xml version="1.0" encoding="UTF-8"?>
<!-- Generated by org.testng.reporters.JUnitReportReporter -->
<testsuite skipped="0" hostname="Juans-MBP.fios-router.home" name="com.cybertek.tests.day18_actions_pom_intro.ActionsDemoTest" tests="3" failures="0" timestamp="2021-12-18T11:33:02 EST" time="19.919" errors="0">
  <testcase name="googleFeelingLuckyHoverBtnTest" time="12.643" classname="com.cybertek.tests.day18_actions_pom_intro.ActionsDemoTest"/>
  <system-out/>
  <testcase name="hoverElementTest" time="3.541" classname="com.cybertek.tests.day18_actions_pom_intro.ActionsDemoTest"/>
  <system-out/>
  <testcase name="hoverOverGroupOfElm" time="3.735" classname="com.cybertek.tests.day18_actions_pom_intro.ActionsDemoTest"/>
  <system-out/>
</testsuite> <!-- com.cybertek.tests.day18_actions_pom_intro.ActionsDemoTest -->
