<?xml version="1.0" encoding="UTF-8"?>
<!-- Generated by org.testng.reporters.JUnitReportReporter -->
<testsuite skipped="0" hostname="Juans-MBP.fios-router.home" name="com.cybertek.tests.day11_alerts_iframe_windows.AlertExampleTest" tests="5" failures="0" timestamp="2021-12-18T11:33:02 EST" time="25.701" errors="0">
  <testcase name="jSConfirm" time="5.776" classname="com.cybertek.tests.day11_alerts_iframe_windows.AlertExampleTest"/>
  <system-out/>
  <testcase name="jSPrompt" time="5.942" classname="com.cybertek.tests.day11_alerts_iframe_windows.AlertExampleTest"/>
  <system-out/>
  <testcase name="jSAlert" time="5.865" classname="com.cybertek.tests.day11_alerts_iframe_windows.AlertExampleTest"/>
  <system-out/>
  <testcase name="jSPromptMessageRequest" time="4.050" classname="com.cybertek.tests.day11_alerts_iframe_windows.AlertExampleTest"/>
  <system-out/>
  <testcase name="jsConfirmCancelTest" time="4.068" classname="com.cybertek.tests.day11_alerts_iframe_windows.AlertExampleTest"/>
  <system-out/>
</testsuite> <!-- com.cybertek.tests.day11_alerts_iframe_windows.AlertExampleTest -->
