<?xml version="1.0" encoding="UTF-8"?>
<!-- Generated by org.testng.reporters.JUnitReportReporter -->
<testsuite skipped="0" hostname="Juans-MBP.fios-router.home" name="com.cybertek.tests.day15_properites_driverutil_testbase.DriverUtilTest" tests="1" failures="0" timestamp="2021-12-18T11:33:02 EST" time="9.559" errors="0">
  <testcase name="driverClassTest" time="9.559" classname="com.cybertek.tests.day15_properites_driverutil_testbase.DriverUtilTest"/>
  <system-out/>
</testsuite> <!-- com.cybertek.tests.day15_properites_driverutil_testbase.DriverUtilTest -->
