<?xml version="1.0" encoding="UTF-8"?>
<!-- Generated by org.testng.reporters.JUnitReportReporter -->
<testsuite skipped="0" hostname="Juans-MBP.fios-router.home" name="com.cybertek.tests.day18_actions_pom_intro.ActionsSendKeysTest" tests="2" failures="0" timestamp="2021-12-18T11:33:02 EST" time="10.601" errors="0">
  <testcase name="scrollWithKeysTest" time="4.790" classname="com.cybertek.tests.day18_actions_pom_intro.ActionsSendKeysTest"/>
  <system-out/>
  <testcase name="rightClickTest" time="5.811" classname="com.cybertek.tests.day18_actions_pom_intro.ActionsSendKeysTest"/>
  <system-out/>
</testsuite> <!-- com.cybertek.tests.day18_actions_pom_intro.ActionsSendKeysTest -->
