<?xml version="1.0" encoding="UTF-8"?>
<!-- Generated by org.testng.reporters.JUnitReportReporter -->
<testsuite skipped="0" hostname="Juans-MBP.fios-router.home" name="com.cybertek.tests.day10_dropdown_alerts_iframes_windows.HandlingAlertTest" tests="2" failures="0" timestamp="2021-12-18T11:33:02 EST" time="2.862" errors="0">
  <testcase name="jSAlertTest" time="1.405" classname="com.cybertek.tests.day10_dropdown_alerts_iframes_windows.HandlingAlertTest"/>
  <system-out/>
  <testcase name="confirmAlertTest" time="1.457" classname="com.cybertek.tests.day10_dropdown_alerts_iframes_windows.HandlingAlertTest"/>
  <system-out/>
</testsuite> <!-- com.cybertek.tests.day10_dropdown_alerts_iframes_windows.HandlingAlertTest -->
