<?xml version="1.0" encoding="UTF-8"?>
<!-- Generated by org.testng.reporters.JUnitReportReporter -->
<testsuite skipped="0" hostname="Juans-MBP.fios-router.home" name="com.cybertek.tests.day16_download_upload_js_executor.FileUpLoadTest" tests="1" failures="0" timestamp="2021-12-18T11:33:02 EST" time="3.051" errors="0">
  <testcase name="upLoadFileTest" time="3.051" classname="com.cybertek.tests.day16_download_upload_js_executor.FileUpLoadTest"/>
  <system-out/>
</testsuite> <!-- com.cybertek.tests.day16_download_upload_js_executor.FileUpLoadTest -->
