<?xml version="1.0" encoding="UTF-8"?>
<!-- Generated by org.testng.reporters.JUnitReportReporter -->
<testsuite skipped="0" hostname="Juans-MBP.fios-router.home" name="com.cybertek.tests.day19_page_object_model.ContextClickTest" tests="1" failures="0" timestamp="2021-12-18T11:33:02 EST" time="5.351" errors="0">
  <testcase name="contextClickTest" time="5.351" classname="com.cybertek.tests.day19_page_object_model.ContextClickTest"/>
  <system-out/>
</testsuite> <!-- com.cybertek.tests.day19_page_object_model.ContextClickTest -->
