<?xml version="1.0" encoding="UTF-8"?>
<!-- Generated by org.testng.reporters.JUnitReportReporter -->
<testsuite skipped="0" hostname="Juans-MBP.fios-router.home" name="com.cybertek.tests.day10_dropdown_alerts_iframes_windows.AmazonDepartmentsNamesListTest" tests="2" failures="0" timestamp="2021-12-18T11:33:02 EST" time="65.604" errors="0">
  <testcase name="runMethod" time="10.323" classname="com.cybertek.tests.day10_dropdown_alerts_iframes_windows.AmazonDepartmentsNamesListTest"/>
  <system-out/>
  <testcase name="amazonDepartmentTest" time="55.281" classname="com.cybertek.tests.day10_dropdown_alerts_iframes_windows.AmazonDepartmentsNamesListTest"/>
  <system-out/>
</testsuite> <!-- com.cybertek.tests.day10_dropdown_alerts_iframes_windows.AmazonDepartmentsNamesListTest -->
